Determining if the function crc32c_value exists in the crc32c failed with the following output:
Change Dir: /home/jeff-wang/WorkloadAnalysis/comparedDBs/leveldb/release/CMakeFiles/CMakeTmp

Run Build Command(s):/usr/bin/gmake -f Makefile cmTC_db614/fast && /usr/bin/gmake  -f CMakeFiles/cmTC_db614.dir/build.make CMakeFiles/cmTC_db614.dir/build
gmake[1]: Entering directory '/home/jeff-wang/WorkloadAnalysis/comparedDBs/leveldb/release/CMakeFiles/CMakeTmp'
Building C object CMakeFiles/cmTC_db614.dir/CheckFunctionExists.c.o
/usr/bin/cc   -DCHECK_FUNCTION_EXISTS=crc32c_value -std=c11 -o CMakeFiles/cmTC_db614.dir/CheckFunctionExists.c.o -c /usr/share/cmake-3.22/Modules/CheckFunctionExists.c
Linking C executable cmTC_db614
/usr/bin/cmake -E cmake_link_script CMakeFiles/cmTC_db614.dir/link.txt --verbose=1
/usr/bin/cc  -DCHECK_FUNCTION_EXISTS=crc32c_value CMakeFiles/cmTC_db614.dir/CheckFunctionExists.c.o -o cmTC_db614  -lcrc32c 
/usr/bin/ld: cannot find -lcrc32c: No such file or directory
collect2: error: ld returned 1 exit status
gmake[1]: *** [CMakeFiles/cmTC_db614.dir/build.make:99: cmTC_db614] Error 1
gmake[1]: Leaving directory '/home/jeff-wang/WorkloadAnalysis/comparedDBs/leveldb/release/CMakeFiles/CMakeTmp'
gmake: *** [Makefile:127: cmTC_db614/fast] Error 2



Determining if the function snappy_compress exists in the snappy failed with the following output:
Change Dir: /home/jeff-wang/WorkloadAnalysis/comparedDBs/leveldb/release/CMakeFiles/CMakeTmp

Run Build Command(s):/usr/bin/gmake -f Makefile cmTC_d3f12/fast && /usr/bin/gmake  -f CMakeFiles/cmTC_d3f12.dir/build.make CMakeFiles/cmTC_d3f12.dir/build
gmake[1]: Entering directory '/home/jeff-wang/WorkloadAnalysis/comparedDBs/leveldb/release/CMakeFiles/CMakeTmp'
Building C object CMakeFiles/cmTC_d3f12.dir/CheckFunctionExists.c.o
/usr/bin/cc   -DCHECK_FUNCTION_EXISTS=snappy_compress -std=c11 -o CMakeFiles/cmTC_d3f12.dir/CheckFunctionExists.c.o -c /usr/share/cmake-3.22/Modules/CheckFunctionExists.c
Linking C executable cmTC_d3f12
/usr/bin/cmake -E cmake_link_script CMakeFiles/cmTC_d3f12.dir/link.txt --verbose=1
/usr/bin/cc  -DCHECK_FUNCTION_EXISTS=snappy_compress CMakeFiles/cmTC_d3f12.dir/CheckFunctionExists.c.o -o cmTC_d3f12  -lsnappy 
/usr/bin/ld: cannot find -lsnappy: No such file or directory
collect2: error: ld returned 1 exit status
gmake[1]: *** [CMakeFiles/cmTC_d3f12.dir/build.make:99: cmTC_d3f12] Error 1
gmake[1]: Leaving directory '/home/jeff-wang/WorkloadAnalysis/comparedDBs/leveldb/release/CMakeFiles/CMakeTmp'
gmake: *** [Makefile:127: cmTC_d3f12/fast] Error 2



Determining if the function zstd_compress exists in the zstd failed with the following output:
Change Dir: /home/jeff-wang/WorkloadAnalysis/comparedDBs/leveldb/release/CMakeFiles/CMakeTmp

Run Build Command(s):/usr/bin/gmake -f Makefile cmTC_faf4c/fast && /usr/bin/gmake  -f CMakeFiles/cmTC_faf4c.dir/build.make CMakeFiles/cmTC_faf4c.dir/build
gmake[1]: Entering directory '/home/jeff-wang/WorkloadAnalysis/comparedDBs/leveldb/release/CMakeFiles/CMakeTmp'
Building C object CMakeFiles/cmTC_faf4c.dir/CheckFunctionExists.c.o
/usr/bin/cc   -DCHECK_FUNCTION_EXISTS=zstd_compress -std=c11 -o CMakeFiles/cmTC_faf4c.dir/CheckFunctionExists.c.o -c /usr/share/cmake-3.22/Modules/CheckFunctionExists.c
Linking C executable cmTC_faf4c
/usr/bin/cmake -E cmake_link_script CMakeFiles/cmTC_faf4c.dir/link.txt --verbose=1
/usr/bin/cc  -DCHECK_FUNCTION_EXISTS=zstd_compress CMakeFiles/cmTC_faf4c.dir/CheckFunctionExists.c.o -o cmTC_faf4c  -lzstd 
/usr/bin/ld: cannot find -lzstd: No such file or directory
collect2: error: ld returned 1 exit status
gmake[1]: *** [CMakeFiles/cmTC_faf4c.dir/build.make:99: cmTC_faf4c] Error 1
gmake[1]: Leaving directory '/home/jeff-wang/WorkloadAnalysis/comparedDBs/leveldb/release/CMakeFiles/CMakeTmp'
gmake: *** [Makefile:127: cmTC_faf4c/fast] Error 2



Determining if the function malloc exists in the tcmalloc failed with the following output:
Change Dir: /home/jeff-wang/WorkloadAnalysis/comparedDBs/leveldb/release/CMakeFiles/CMakeTmp

Run Build Command(s):/usr/bin/gmake -f Makefile cmTC_27b41/fast && /usr/bin/gmake  -f CMakeFiles/cmTC_27b41.dir/build.make CMakeFiles/cmTC_27b41.dir/build
gmake[1]: Entering directory '/home/jeff-wang/WorkloadAnalysis/comparedDBs/leveldb/release/CMakeFiles/CMakeTmp'
Building C object CMakeFiles/cmTC_27b41.dir/CheckFunctionExists.c.o
/usr/bin/cc   -DCHECK_FUNCTION_EXISTS=malloc -std=c11 -o CMakeFiles/cmTC_27b41.dir/CheckFunctionExists.c.o -c /usr/share/cmake-3.22/Modules/CheckFunctionExists.c
<command-line>: warning: conflicting types for built-in function ‘malloc’; expected ‘void *(long unsigned int)’ [-Wbuiltin-declaration-mismatch]
/usr/share/cmake-3.22/Modules/CheckFunctionExists.c:7:3: note: in expansion of macro ‘CHECK_FUNCTION_EXISTS’
    7 |   CHECK_FUNCTION_EXISTS(void);
      |   ^~~~~~~~~~~~~~~~~~~~~
/usr/share/cmake-3.22/Modules/CheckFunctionExists.c:1:1: note: ‘malloc’ is declared in header ‘<stdlib.h>’
  +++ |+#include <stdlib.h>
    1 | #ifdef CHECK_FUNCTION_EXISTS
Linking C executable cmTC_27b41
/usr/bin/cmake -E cmake_link_script CMakeFiles/cmTC_27b41.dir/link.txt --verbose=1
/usr/bin/cc  -DCHECK_FUNCTION_EXISTS=malloc CMakeFiles/cmTC_27b41.dir/CheckFunctionExists.c.o -o cmTC_27b41  -ltcmalloc 
/usr/bin/ld: cannot find -ltcmalloc: No such file or directory
collect2: error: ld returned 1 exit status
gmake[1]: *** [CMakeFiles/cmTC_27b41.dir/build.make:99: cmTC_27b41] Error 1
gmake[1]: Leaving directory '/home/jeff-wang/WorkloadAnalysis/comparedDBs/leveldb/release/CMakeFiles/CMakeTmp'
gmake: *** [Makefile:127: cmTC_27b41/fast] Error 2



Determining if the F_FULLFSYNC exist failed with the following output:
Change Dir: /home/jeff-wang/WorkloadAnalysis/comparedDBs/leveldb/release/CMakeFiles/CMakeTmp

Run Build Command(s):/usr/bin/gmake -f Makefile cmTC_b74de/fast && /usr/bin/gmake  -f CMakeFiles/cmTC_b74de.dir/build.make CMakeFiles/cmTC_b74de.dir/build
gmake[1]: Entering directory '/home/jeff-wang/WorkloadAnalysis/comparedDBs/leveldb/release/CMakeFiles/CMakeTmp'
Building CXX object CMakeFiles/cmTC_b74de.dir/CheckSymbolExists.cxx.o
/usr/bin/c++   -std=c++11 -o CMakeFiles/cmTC_b74de.dir/CheckSymbolExists.cxx.o -c /home/jeff-wang/WorkloadAnalysis/comparedDBs/leveldb/release/CMakeFiles/CMakeTmp/CheckSymbolExists.cxx
/home/jeff-wang/WorkloadAnalysis/comparedDBs/leveldb/release/CMakeFiles/CMakeTmp/CheckSymbolExists.cxx: In function ‘int main(int, char**)’:
/home/jeff-wang/WorkloadAnalysis/comparedDBs/leveldb/release/CMakeFiles/CMakeTmp/CheckSymbolExists.cxx:8:19: error: ‘F_FULLFSYNC’ was not declared in this scope
    8 |   return ((int*)(&F_FULLFSYNC))[argc];
      |                   ^~~~~~~~~~~
gmake[1]: *** [CMakeFiles/cmTC_b74de.dir/build.make:78: CMakeFiles/cmTC_b74de.dir/CheckSymbolExists.cxx.o] Error 1
gmake[1]: Leaving directory '/home/jeff-wang/WorkloadAnalysis/comparedDBs/leveldb/release/CMakeFiles/CMakeTmp'
gmake: *** [Makefile:127: cmTC_b74de/fast] Error 2


File /home/jeff-wang/WorkloadAnalysis/comparedDBs/leveldb/release/CMakeFiles/CMakeTmp/CheckSymbolExists.cxx:
/* */
#include <fcntl.h>

int main(int argc, char** argv)
{
  (void)argv;
#ifndef F_FULLFSYNC
  return ((int*)(&F_FULLFSYNC))[argc];
#else
  (void)argc;
  return 0;
#endif
}
Performing C++ SOURCE FILE Test HAVE_CLANG_THREAD_SAFETY failed with the following output:
Change Dir: /home/jeff-wang/WorkloadAnalysis/comparedDBs/leveldb/release/CMakeFiles/CMakeTmp

Run Build Command(s):/usr/bin/gmake -f Makefile cmTC_4e963/fast && /usr/bin/gmake  -f CMakeFiles/cmTC_4e963.dir/build.make CMakeFiles/cmTC_4e963.dir/build
gmake[1]: Entering directory '/home/jeff-wang/WorkloadAnalysis/comparedDBs/leveldb/release/CMakeFiles/CMakeTmp'
Building CXX object CMakeFiles/cmTC_4e963.dir/src.cxx.o
/usr/bin/c++ -DHAVE_CLANG_THREAD_SAFETY  -fno-exceptions -fno-rtti    -Wthread-safety -std=c++11 -o CMakeFiles/cmTC_4e963.dir/src.cxx.o -c /home/jeff-wang/WorkloadAnalysis/comparedDBs/leveldb/release/CMakeFiles/CMakeTmp/src.cxx
c++: error: unrecognized command-line option '-Wthread-safety'
gmake[1]: *** [CMakeFiles/cmTC_4e963.dir/build.make:78: CMakeFiles/cmTC_4e963.dir/src.cxx.o] Error 1
gmake[1]: Leaving directory '/home/jeff-wang/WorkloadAnalysis/comparedDBs/leveldb/release/CMakeFiles/CMakeTmp'
gmake: *** [Makefile:127: cmTC_4e963/fast] Error 2


Source file was:
int main() { return 0; }
Performing C++ SOURCE FILE Test HAVE_CXX_FLAG_WSHORTEN_64_TO_32 failed with the following output:
Change Dir: /home/jeff-wang/WorkloadAnalysis/comparedDBs/leveldb/release/CMakeFiles/CMakeTmp

Run Build Command(s):/usr/bin/gmake -f Makefile cmTC_63700/fast && /usr/bin/gmake  -f CMakeFiles/cmTC_63700.dir/build.make CMakeFiles/cmTC_63700.dir/build
gmake[1]: Entering directory '/home/jeff-wang/WorkloadAnalysis/comparedDBs/leveldb/release/CMakeFiles/CMakeTmp'
Building CXX object CMakeFiles/cmTC_63700.dir/src.cxx.o
/usr/bin/c++ -DHAVE_CXX_FLAG_WSHORTEN_64_TO_32  -fno-exceptions -fno-rtti  -Wall  -Wextra  -Wshadow  -Wfloat-equal  -Werror  -Wsuggest-override  -pedantic  -pedantic-errors  -Wshorten-64-to-32   -Wshorten-64-to-32 -std=c++11 -o CMakeFiles/cmTC_63700.dir/src.cxx.o -c /home/jeff-wang/WorkloadAnalysis/comparedDBs/leveldb/release/CMakeFiles/CMakeTmp/src.cxx
c++: error: unrecognized command-line option '-Wshorten-64-to-32'
c++: error: unrecognized command-line option '-Wshorten-64-to-32'
gmake[1]: *** [CMakeFiles/cmTC_63700.dir/build.make:78: CMakeFiles/cmTC_63700.dir/src.cxx.o] Error 1
gmake[1]: Leaving directory '/home/jeff-wang/WorkloadAnalysis/comparedDBs/leveldb/release/CMakeFiles/CMakeTmp'
gmake: *** [Makefile:127: cmTC_63700/fast] Error 2


Source file was:
int main() { return 0; }
Performing C++ SOURCE FILE Test HAVE_CXX_FLAG_WD654 failed with the following output:
Change Dir: /home/jeff-wang/WorkloadAnalysis/comparedDBs/leveldb/release/CMakeFiles/CMakeTmp

Run Build Command(s):/usr/bin/gmake -f Makefile cmTC_907cb/fast && /usr/bin/gmake  -f CMakeFiles/cmTC_907cb.dir/build.make CMakeFiles/cmTC_907cb.dir/build
gmake[1]: Entering directory '/home/jeff-wang/WorkloadAnalysis/comparedDBs/leveldb/release/CMakeFiles/CMakeTmp'
Building CXX object CMakeFiles/cmTC_907cb.dir/src.cxx.o
/usr/bin/c++ -DHAVE_CXX_FLAG_WD654  -fno-exceptions -fno-rtti  -Wall  -Wextra  -Wshadow  -Wfloat-equal  -Werror  -Wsuggest-override  -pedantic  -pedantic-errors  -fstrict-aliasing  -Wno-deprecated-declarations  -Wno-deprecated  -fno-exceptions  -Wstrict-aliasing  -wd654   -wd654 -std=c++11 -o CMakeFiles/cmTC_907cb.dir/src.cxx.o -c /home/jeff-wang/WorkloadAnalysis/comparedDBs/leveldb/release/CMakeFiles/CMakeTmp/src.cxx
c++: error: unrecognized command-line option '-wd654'
c++: error: unrecognized command-line option '-wd654'
gmake[1]: *** [CMakeFiles/cmTC_907cb.dir/build.make:78: CMakeFiles/cmTC_907cb.dir/src.cxx.o] Error 1
gmake[1]: Leaving directory '/home/jeff-wang/WorkloadAnalysis/comparedDBs/leveldb/release/CMakeFiles/CMakeTmp'
gmake: *** [Makefile:127: cmTC_907cb/fast] Error 2


Source file was:
int main() { return 0; }
Performing C++ SOURCE FILE Test HAVE_CXX_FLAG_WTHREAD_SAFETY failed with the following output:
Change Dir: /home/jeff-wang/WorkloadAnalysis/comparedDBs/leveldb/release/CMakeFiles/CMakeTmp

Run Build Command(s):/usr/bin/gmake -f Makefile cmTC_40fbf/fast && /usr/bin/gmake  -f CMakeFiles/cmTC_40fbf.dir/build.make CMakeFiles/cmTC_40fbf.dir/build
gmake[1]: Entering directory '/home/jeff-wang/WorkloadAnalysis/comparedDBs/leveldb/release/CMakeFiles/CMakeTmp'
Building CXX object CMakeFiles/cmTC_40fbf.dir/src.cxx.o
/usr/bin/c++ -DHAVE_CXX_FLAG_WTHREAD_SAFETY  -fno-exceptions -fno-rtti  -Wall  -Wextra  -Wshadow  -Wfloat-equal  -Werror  -Wsuggest-override  -pedantic  -pedantic-errors  -fstrict-aliasing  -Wno-deprecated-declarations  -Wno-deprecated  -fno-exceptions  -Wstrict-aliasing  -Wthread-safety   -Wthread-safety -std=c++11 -o CMakeFiles/cmTC_40fbf.dir/src.cxx.o -c /home/jeff-wang/WorkloadAnalysis/comparedDBs/leveldb/release/CMakeFiles/CMakeTmp/src.cxx
c++: error: unrecognized command-line option '-Wthread-safety'
c++: error: unrecognized command-line option '-Wthread-safety'
gmake[1]: *** [CMakeFiles/cmTC_40fbf.dir/build.make:78: CMakeFiles/cmTC_40fbf.dir/src.cxx.o] Error 1
gmake[1]: Leaving directory '/home/jeff-wang/WorkloadAnalysis/comparedDBs/leveldb/release/CMakeFiles/CMakeTmp'
gmake: *** [Makefile:127: cmTC_40fbf/fast] Error 2


Source file was:
int main() { return 0; }
Performing C++ SOURCE FILE Test HAVE_KYOTOCABINET failed with the following output:
Change Dir: /home/jeff-wang/WorkloadAnalysis/comparedDBs/leveldb/release/CMakeFiles/CMakeTmp

Run Build Command(s):/usr/bin/gmake -f Makefile cmTC_3dbc1/fast && /usr/bin/gmake  -f CMakeFiles/cmTC_3dbc1.dir/build.make CMakeFiles/cmTC_3dbc1.dir/build
gmake[1]: Entering directory '/home/jeff-wang/WorkloadAnalysis/comparedDBs/leveldb/release/CMakeFiles/CMakeTmp'
Building CXX object CMakeFiles/cmTC_3dbc1.dir/src.cxx.o
/usr/bin/c++ -DHAVE_KYOTOCABINET  -fno-exceptions -fno-rtti  -std=c++11 -o CMakeFiles/cmTC_3dbc1.dir/src.cxx.o -c /home/jeff-wang/WorkloadAnalysis/comparedDBs/leveldb/release/CMakeFiles/CMakeTmp/src.cxx
/home/jeff-wang/WorkloadAnalysis/comparedDBs/leveldb/release/CMakeFiles/CMakeTmp/src.cxx:2:10: fatal error: kcpolydb.h: No such file or directory
    2 | #include <kcpolydb.h>
      |          ^~~~~~~~~~~~
compilation terminated.
gmake[1]: *** [CMakeFiles/cmTC_3dbc1.dir/build.make:78: CMakeFiles/cmTC_3dbc1.dir/src.cxx.o] Error 1
gmake[1]: Leaving directory '/home/jeff-wang/WorkloadAnalysis/comparedDBs/leveldb/release/CMakeFiles/CMakeTmp'
gmake: *** [Makefile:127: cmTC_3dbc1/fast] Error 2


Source file was:

#include <kcpolydb.h>

int main() {
  kyotocabinet::TreeDB* db = new kyotocabinet::TreeDB();
  delete db;
  return 0;
}
  
