Determining if the function crc32c_value exists in the crc32c failed with the following output:
Change Dir: /home/jeff-wang/WorkloadAnalysis/comparedDBs/leveldb/build/CMakeFiles/CMakeTmp

Run Build Command(s):/usr/bin/gmake -f Makefile cmTC_e41b0/fast && /usr/bin/gmake  -f CMakeFiles/cmTC_e41b0.dir/build.make CMakeFiles/cmTC_e41b0.dir/build
gmake[1]: Entering directory '/home/jeff-wang/WorkloadAnalysis/comparedDBs/leveldb/build/CMakeFiles/CMakeTmp'
Building C object CMakeFiles/cmTC_e41b0.dir/CheckFunctionExists.c.o
/usr/bin/gcc   -DCHECK_FUNCTION_EXISTS=crc32c_value -std=c11 -o CMakeFiles/cmTC_e41b0.dir/CheckFunctionExists.c.o -c /usr/share/cmake-3.22/Modules/CheckFunctionExists.c
Linking C executable cmTC_e41b0
/usr/bin/cmake -E cmake_link_script CMakeFiles/cmTC_e41b0.dir/link.txt --verbose=1
/usr/bin/gcc  -DCHECK_FUNCTION_EXISTS=crc32c_value CMakeFiles/cmTC_e41b0.dir/CheckFunctionExists.c.o -o cmTC_e41b0  -lcrc32c 
/usr/bin/ld: cannot find -lcrc32c: No such file or directory
collect2: error: ld returned 1 exit status
gmake[1]: *** [CMakeFiles/cmTC_e41b0.dir/build.make:99: cmTC_e41b0] Error 1
gmake[1]: Leaving directory '/home/jeff-wang/WorkloadAnalysis/comparedDBs/leveldb/build/CMakeFiles/CMakeTmp'
gmake: *** [Makefile:127: cmTC_e41b0/fast] Error 2



Determining if the function snappy_compress exists in the snappy failed with the following output:
Change Dir: /home/jeff-wang/WorkloadAnalysis/comparedDBs/leveldb/build/CMakeFiles/CMakeTmp

Run Build Command(s):/usr/bin/gmake -f Makefile cmTC_e9e81/fast && /usr/bin/gmake  -f CMakeFiles/cmTC_e9e81.dir/build.make CMakeFiles/cmTC_e9e81.dir/build
gmake[1]: Entering directory '/home/jeff-wang/WorkloadAnalysis/comparedDBs/leveldb/build/CMakeFiles/CMakeTmp'
Building C object CMakeFiles/cmTC_e9e81.dir/CheckFunctionExists.c.o
/usr/bin/gcc   -DCHECK_FUNCTION_EXISTS=snappy_compress -std=c11 -o CMakeFiles/cmTC_e9e81.dir/CheckFunctionExists.c.o -c /usr/share/cmake-3.22/Modules/CheckFunctionExists.c
Linking C executable cmTC_e9e81
/usr/bin/cmake -E cmake_link_script CMakeFiles/cmTC_e9e81.dir/link.txt --verbose=1
/usr/bin/gcc  -DCHECK_FUNCTION_EXISTS=snappy_compress CMakeFiles/cmTC_e9e81.dir/CheckFunctionExists.c.o -o cmTC_e9e81  -lsnappy 
/usr/bin/ld: cannot find -lsnappy: No such file or directory
collect2: error: ld returned 1 exit status
gmake[1]: *** [CMakeFiles/cmTC_e9e81.dir/build.make:99: cmTC_e9e81] Error 1
gmake[1]: Leaving directory '/home/jeff-wang/WorkloadAnalysis/comparedDBs/leveldb/build/CMakeFiles/CMakeTmp'
gmake: *** [Makefile:127: cmTC_e9e81/fast] Error 2



Determining if the function zstd_compress exists in the zstd failed with the following output:
Change Dir: /home/jeff-wang/WorkloadAnalysis/comparedDBs/leveldb/build/CMakeFiles/CMakeTmp

Run Build Command(s):/usr/bin/gmake -f Makefile cmTC_4a0bd/fast && /usr/bin/gmake  -f CMakeFiles/cmTC_4a0bd.dir/build.make CMakeFiles/cmTC_4a0bd.dir/build
gmake[1]: Entering directory '/home/jeff-wang/WorkloadAnalysis/comparedDBs/leveldb/build/CMakeFiles/CMakeTmp'
Building C object CMakeFiles/cmTC_4a0bd.dir/CheckFunctionExists.c.o
/usr/bin/gcc   -DCHECK_FUNCTION_EXISTS=zstd_compress -std=c11 -o CMakeFiles/cmTC_4a0bd.dir/CheckFunctionExists.c.o -c /usr/share/cmake-3.22/Modules/CheckFunctionExists.c
Linking C executable cmTC_4a0bd
/usr/bin/cmake -E cmake_link_script CMakeFiles/cmTC_4a0bd.dir/link.txt --verbose=1
/usr/bin/gcc  -DCHECK_FUNCTION_EXISTS=zstd_compress CMakeFiles/cmTC_4a0bd.dir/CheckFunctionExists.c.o -o cmTC_4a0bd  -lzstd 
/usr/bin/ld: cannot find -lzstd: No such file or directory
collect2: error: ld returned 1 exit status
gmake[1]: *** [CMakeFiles/cmTC_4a0bd.dir/build.make:99: cmTC_4a0bd] Error 1
gmake[1]: Leaving directory '/home/jeff-wang/WorkloadAnalysis/comparedDBs/leveldb/build/CMakeFiles/CMakeTmp'
gmake: *** [Makefile:127: cmTC_4a0bd/fast] Error 2



Determining if the function malloc exists in the tcmalloc failed with the following output:
Change Dir: /home/jeff-wang/WorkloadAnalysis/comparedDBs/leveldb/build/CMakeFiles/CMakeTmp

Run Build Command(s):/usr/bin/gmake -f Makefile cmTC_7a8e0/fast && /usr/bin/gmake  -f CMakeFiles/cmTC_7a8e0.dir/build.make CMakeFiles/cmTC_7a8e0.dir/build
gmake[1]: Entering directory '/home/jeff-wang/WorkloadAnalysis/comparedDBs/leveldb/build/CMakeFiles/CMakeTmp'
Building C object CMakeFiles/cmTC_7a8e0.dir/CheckFunctionExists.c.o
/usr/bin/gcc   -DCHECK_FUNCTION_EXISTS=malloc -std=c11 -o CMakeFiles/cmTC_7a8e0.dir/CheckFunctionExists.c.o -c /usr/share/cmake-3.22/Modules/CheckFunctionExists.c
<command-line>: warning: conflicting types for built-in function ‘malloc’; expected ‘void *(long unsigned int)’ [-Wbuiltin-declaration-mismatch]
/usr/share/cmake-3.22/Modules/CheckFunctionExists.c:7:3: note: in expansion of macro ‘CHECK_FUNCTION_EXISTS’
    7 |   CHECK_FUNCTION_EXISTS(void);
      |   ^~~~~~~~~~~~~~~~~~~~~
/usr/share/cmake-3.22/Modules/CheckFunctionExists.c:1:1: note: ‘malloc’ is declared in header ‘<stdlib.h>’
  +++ |+#include <stdlib.h>
    1 | #ifdef CHECK_FUNCTION_EXISTS
Linking C executable cmTC_7a8e0
/usr/bin/cmake -E cmake_link_script CMakeFiles/cmTC_7a8e0.dir/link.txt --verbose=1
/usr/bin/gcc  -DCHECK_FUNCTION_EXISTS=malloc CMakeFiles/cmTC_7a8e0.dir/CheckFunctionExists.c.o -o cmTC_7a8e0  -ltcmalloc 
/usr/bin/ld: cannot find -ltcmalloc: No such file or directory
collect2: error: ld returned 1 exit status
gmake[1]: *** [CMakeFiles/cmTC_7a8e0.dir/build.make:99: cmTC_7a8e0] Error 1
gmake[1]: Leaving directory '/home/jeff-wang/WorkloadAnalysis/comparedDBs/leveldb/build/CMakeFiles/CMakeTmp'
gmake: *** [Makefile:127: cmTC_7a8e0/fast] Error 2



Determining if the F_FULLFSYNC exist failed with the following output:
Change Dir: /home/jeff-wang/WorkloadAnalysis/comparedDBs/leveldb/build/CMakeFiles/CMakeTmp

Run Build Command(s):/usr/bin/gmake -f Makefile cmTC_58240/fast && /usr/bin/gmake  -f CMakeFiles/cmTC_58240.dir/build.make CMakeFiles/cmTC_58240.dir/build
gmake[1]: Entering directory '/home/jeff-wang/WorkloadAnalysis/comparedDBs/leveldb/build/CMakeFiles/CMakeTmp'
Building CXX object CMakeFiles/cmTC_58240.dir/CheckSymbolExists.cxx.o
/usr/bin/g++   -std=c++11 -o CMakeFiles/cmTC_58240.dir/CheckSymbolExists.cxx.o -c /home/jeff-wang/WorkloadAnalysis/comparedDBs/leveldb/build/CMakeFiles/CMakeTmp/CheckSymbolExists.cxx
/home/jeff-wang/WorkloadAnalysis/comparedDBs/leveldb/build/CMakeFiles/CMakeTmp/CheckSymbolExists.cxx: In function ‘int main(int, char**)’:
/home/jeff-wang/WorkloadAnalysis/comparedDBs/leveldb/build/CMakeFiles/CMakeTmp/CheckSymbolExists.cxx:8:19: error: ‘F_FULLFSYNC’ was not declared in this scope
    8 |   return ((int*)(&F_FULLFSYNC))[argc];
      |                   ^~~~~~~~~~~
gmake[1]: *** [CMakeFiles/cmTC_58240.dir/build.make:78: CMakeFiles/cmTC_58240.dir/CheckSymbolExists.cxx.o] Error 1
gmake[1]: Leaving directory '/home/jeff-wang/WorkloadAnalysis/comparedDBs/leveldb/build/CMakeFiles/CMakeTmp'
gmake: *** [Makefile:127: cmTC_58240/fast] Error 2


File /home/jeff-wang/WorkloadAnalysis/comparedDBs/leveldb/build/CMakeFiles/CMakeTmp/CheckSymbolExists.cxx:
/* */
#include <fcntl.h>

int main(int argc, char** argv)
{
  (void)argv;
#ifndef F_FULLFSYNC
  return ((int*)(&F_FULLFSYNC))[argc];
#else
  (void)argc;
  return 0;
#endif
}
Performing C++ SOURCE FILE Test HAVE_CLANG_THREAD_SAFETY failed with the following output:
Change Dir: /home/jeff-wang/WorkloadAnalysis/comparedDBs/leveldb/build/CMakeFiles/CMakeTmp

Run Build Command(s):/usr/bin/gmake -f Makefile cmTC_6cb6b/fast && /usr/bin/gmake  -f CMakeFiles/cmTC_6cb6b.dir/build.make CMakeFiles/cmTC_6cb6b.dir/build
gmake[1]: Entering directory '/home/jeff-wang/WorkloadAnalysis/comparedDBs/leveldb/build/CMakeFiles/CMakeTmp'
Building CXX object CMakeFiles/cmTC_6cb6b.dir/src.cxx.o
/usr/bin/g++ -DHAVE_CLANG_THREAD_SAFETY  -fno-exceptions -fno-rtti    -Wthread-safety -std=c++11 -o CMakeFiles/cmTC_6cb6b.dir/src.cxx.o -c /home/jeff-wang/WorkloadAnalysis/comparedDBs/leveldb/build/CMakeFiles/CMakeTmp/src.cxx
g++: error: unrecognized command-line option '-Wthread-safety'
gmake[1]: *** [CMakeFiles/cmTC_6cb6b.dir/build.make:78: CMakeFiles/cmTC_6cb6b.dir/src.cxx.o] Error 1
gmake[1]: Leaving directory '/home/jeff-wang/WorkloadAnalysis/comparedDBs/leveldb/build/CMakeFiles/CMakeTmp'
gmake: *** [Makefile:127: cmTC_6cb6b/fast] Error 2


Source file was:
int main() { return 0; }
Performing C++ SOURCE FILE Test HAVE_CXX_FLAG_WSHORTEN_64_TO_32 failed with the following output:
Change Dir: /home/jeff-wang/WorkloadAnalysis/comparedDBs/leveldb/build/CMakeFiles/CMakeTmp

Run Build Command(s):/usr/bin/gmake -f Makefile cmTC_2f13c/fast && /usr/bin/gmake  -f CMakeFiles/cmTC_2f13c.dir/build.make CMakeFiles/cmTC_2f13c.dir/build
gmake[1]: Entering directory '/home/jeff-wang/WorkloadAnalysis/comparedDBs/leveldb/build/CMakeFiles/CMakeTmp'
Building CXX object CMakeFiles/cmTC_2f13c.dir/src.cxx.o
/usr/bin/g++ -DHAVE_CXX_FLAG_WSHORTEN_64_TO_32  -fno-exceptions -fno-rtti  -Wall  -Wextra  -Wshadow  -Wfloat-equal  -Werror  -Wsuggest-override  -pedantic  -pedantic-errors  -Wshorten-64-to-32   -Wshorten-64-to-32 -std=c++11 -o CMakeFiles/cmTC_2f13c.dir/src.cxx.o -c /home/jeff-wang/WorkloadAnalysis/comparedDBs/leveldb/build/CMakeFiles/CMakeTmp/src.cxx
g++: error: unrecognized command-line option '-Wshorten-64-to-32'
g++: error: unrecognized command-line option '-Wshorten-64-to-32'
gmake[1]: *** [CMakeFiles/cmTC_2f13c.dir/build.make:78: CMakeFiles/cmTC_2f13c.dir/src.cxx.o] Error 1
gmake[1]: Leaving directory '/home/jeff-wang/WorkloadAnalysis/comparedDBs/leveldb/build/CMakeFiles/CMakeTmp'
gmake: *** [Makefile:127: cmTC_2f13c/fast] Error 2


Source file was:
int main() { return 0; }
Performing C++ SOURCE FILE Test HAVE_CXX_FLAG_WD654 failed with the following output:
Change Dir: /home/jeff-wang/WorkloadAnalysis/comparedDBs/leveldb/build/CMakeFiles/CMakeTmp

Run Build Command(s):/usr/bin/gmake -f Makefile cmTC_a1637/fast && /usr/bin/gmake  -f CMakeFiles/cmTC_a1637.dir/build.make CMakeFiles/cmTC_a1637.dir/build
gmake[1]: Entering directory '/home/jeff-wang/WorkloadAnalysis/comparedDBs/leveldb/build/CMakeFiles/CMakeTmp'
Building CXX object CMakeFiles/cmTC_a1637.dir/src.cxx.o
/usr/bin/g++ -DHAVE_CXX_FLAG_WD654  -fno-exceptions -fno-rtti  -Wall  -Wextra  -Wshadow  -Wfloat-equal  -Werror  -Wsuggest-override  -pedantic  -pedantic-errors  -fstrict-aliasing  -Wno-deprecated-declarations  -Wno-deprecated  -fno-exceptions  -Wstrict-aliasing  -wd654   -wd654 -std=c++11 -o CMakeFiles/cmTC_a1637.dir/src.cxx.o -c /home/jeff-wang/WorkloadAnalysis/comparedDBs/leveldb/build/CMakeFiles/CMakeTmp/src.cxx
g++: error: unrecognized command-line option '-wd654'
g++: error: unrecognized command-line option '-wd654'
gmake[1]: *** [CMakeFiles/cmTC_a1637.dir/build.make:78: CMakeFiles/cmTC_a1637.dir/src.cxx.o] Error 1
gmake[1]: Leaving directory '/home/jeff-wang/WorkloadAnalysis/comparedDBs/leveldb/build/CMakeFiles/CMakeTmp'
gmake: *** [Makefile:127: cmTC_a1637/fast] Error 2


Source file was:
int main() { return 0; }
Performing C++ SOURCE FILE Test HAVE_CXX_FLAG_WTHREAD_SAFETY failed with the following output:
Change Dir: /home/jeff-wang/WorkloadAnalysis/comparedDBs/leveldb/build/CMakeFiles/CMakeTmp

Run Build Command(s):/usr/bin/gmake -f Makefile cmTC_50f82/fast && /usr/bin/gmake  -f CMakeFiles/cmTC_50f82.dir/build.make CMakeFiles/cmTC_50f82.dir/build
gmake[1]: Entering directory '/home/jeff-wang/WorkloadAnalysis/comparedDBs/leveldb/build/CMakeFiles/CMakeTmp'
Building CXX object CMakeFiles/cmTC_50f82.dir/src.cxx.o
/usr/bin/g++ -DHAVE_CXX_FLAG_WTHREAD_SAFETY  -fno-exceptions -fno-rtti  -Wall  -Wextra  -Wshadow  -Wfloat-equal  -Werror  -Wsuggest-override  -pedantic  -pedantic-errors  -fstrict-aliasing  -Wno-deprecated-declarations  -Wno-deprecated  -fno-exceptions  -Wstrict-aliasing  -Wthread-safety   -Wthread-safety -std=c++11 -o CMakeFiles/cmTC_50f82.dir/src.cxx.o -c /home/jeff-wang/WorkloadAnalysis/comparedDBs/leveldb/build/CMakeFiles/CMakeTmp/src.cxx
g++: error: unrecognized command-line option '-Wthread-safety'
g++: error: unrecognized command-line option '-Wthread-safety'
gmake[1]: *** [CMakeFiles/cmTC_50f82.dir/build.make:78: CMakeFiles/cmTC_50f82.dir/src.cxx.o] Error 1
gmake[1]: Leaving directory '/home/jeff-wang/WorkloadAnalysis/comparedDBs/leveldb/build/CMakeFiles/CMakeTmp'
gmake: *** [Makefile:127: cmTC_50f82/fast] Error 2


Source file was:
int main() { return 0; }
Performing C++ SOURCE FILE Test HAVE_KYOTOCABINET failed with the following output:
Change Dir: /home/jeff-wang/WorkloadAnalysis/comparedDBs/leveldb/build/CMakeFiles/CMakeTmp

Run Build Command(s):/usr/bin/gmake -f Makefile cmTC_9f1f7/fast && /usr/bin/gmake  -f CMakeFiles/cmTC_9f1f7.dir/build.make CMakeFiles/cmTC_9f1f7.dir/build
gmake[1]: Entering directory '/home/jeff-wang/WorkloadAnalysis/comparedDBs/leveldb/build/CMakeFiles/CMakeTmp'
Building CXX object CMakeFiles/cmTC_9f1f7.dir/src.cxx.o
/usr/bin/g++ -DHAVE_KYOTOCABINET  -fno-exceptions -fno-rtti  -std=c++11 -o CMakeFiles/cmTC_9f1f7.dir/src.cxx.o -c /home/jeff-wang/WorkloadAnalysis/comparedDBs/leveldb/build/CMakeFiles/CMakeTmp/src.cxx
/home/jeff-wang/WorkloadAnalysis/comparedDBs/leveldb/build/CMakeFiles/CMakeTmp/src.cxx:2:10: fatal error: kcpolydb.h: No such file or directory
    2 | #include <kcpolydb.h>
      |          ^~~~~~~~~~~~
compilation terminated.
gmake[1]: *** [CMakeFiles/cmTC_9f1f7.dir/build.make:78: CMakeFiles/cmTC_9f1f7.dir/src.cxx.o] Error 1
gmake[1]: Leaving directory '/home/jeff-wang/WorkloadAnalysis/comparedDBs/leveldb/build/CMakeFiles/CMakeTmp'
gmake: *** [Makefile:127: cmTC_9f1f7/fast] Error 2


Source file was:

#include <kcpolydb.h>

int main() {
  kyotocabinet::TreeDB* db = new kyotocabinet::TreeDB();
  delete db;
  return 0;
}
  
