Performing C++ SOURCE FILE Test COMPILER_SUPPORTS_UNUSED_ARGS failed with the following output:
Change Dir: /home/jeff-wang/WorkloadAnalysis/comparedDBs/pebblesdb/release/CMakeFiles/CMakeTmp

Run Build Command(s):/usr/bin/gmake -f Makefile cmTC_3ddd4/fast && /usr/bin/gmake  -f CMakeFiles/cmTC_3ddd4.dir/build.make CMakeFiles/cmTC_3ddd4.dir/build
gmake[1]: Entering directory '/home/jeff-wang/WorkloadAnalysis/comparedDBs/pebblesdb/release/CMakeFiles/CMakeTmp'
Building CXX object CMakeFiles/cmTC_3ddd4.dir/src.cxx.o
/usr/bin/c++ -DCOMPILER_SUPPORTS_UNUSED_ARGS  -std=c++11 -Wall -Wno-variadic-macros    -Qunused-arguments -std=c++11 -o CMakeFiles/cmTC_3ddd4.dir/src.cxx.o -c /home/jeff-wang/WorkloadAnalysis/comparedDBs/pebblesdb/release/CMakeFiles/CMakeTmp/src.cxx
c++: error: unrecognized command-line option '-Qunused-arguments'
gmake[1]: *** [CMakeFiles/cmTC_3ddd4.dir/build.make:78: CMakeFiles/cmTC_3ddd4.dir/src.cxx.o] Error 1
gmake[1]: Leaving directory '/home/jeff-wang/WorkloadAnalysis/comparedDBs/pebblesdb/release/CMakeFiles/CMakeTmp'
gmake: *** [Makefile:127: cmTC_3ddd4/fast] Error 2


Source file was:
int main() { return 0; }
Determining if the include file machine/endian.h exists failed with the following output:
Change Dir: /home/jeff-wang/WorkloadAnalysis/comparedDBs/pebblesdb/release/CMakeFiles/CMakeTmp

Run Build Command(s):/usr/bin/gmake -f Makefile cmTC_f9955/fast && /usr/bin/gmake  -f CMakeFiles/cmTC_f9955.dir/build.make CMakeFiles/cmTC_f9955.dir/build
gmake[1]: Entering directory '/home/jeff-wang/WorkloadAnalysis/comparedDBs/pebblesdb/release/CMakeFiles/CMakeTmp'
Building C object CMakeFiles/cmTC_f9955.dir/CheckIncludeFile.c.o
/usr/bin/cc    -o CMakeFiles/cmTC_f9955.dir/CheckIncludeFile.c.o -c /home/jeff-wang/WorkloadAnalysis/comparedDBs/pebblesdb/release/CMakeFiles/CMakeTmp/CheckIncludeFile.c
/home/jeff-wang/WorkloadAnalysis/comparedDBs/pebblesdb/release/CMakeFiles/CMakeTmp/CheckIncludeFile.c:1:10: fatal error: machine/endian.h: No such file or directory
    1 | #include <machine/endian.h>
      |          ^~~~~~~~~~~~~~~~~~
compilation terminated.
gmake[1]: *** [CMakeFiles/cmTC_f9955.dir/build.make:78: CMakeFiles/cmTC_f9955.dir/CheckIncludeFile.c.o] Error 1
gmake[1]: Leaving directory '/home/jeff-wang/WorkloadAnalysis/comparedDBs/pebblesdb/release/CMakeFiles/CMakeTmp'
gmake: *** [Makefile:127: cmTC_f9955/fast] Error 2



Determining if the include file sys/endian.h exists failed with the following output:
Change Dir: /home/jeff-wang/WorkloadAnalysis/comparedDBs/pebblesdb/release/CMakeFiles/CMakeTmp

Run Build Command(s):/usr/bin/gmake -f Makefile cmTC_7bc62/fast && /usr/bin/gmake  -f CMakeFiles/cmTC_7bc62.dir/build.make CMakeFiles/cmTC_7bc62.dir/build
gmake[1]: Entering directory '/home/jeff-wang/WorkloadAnalysis/comparedDBs/pebblesdb/release/CMakeFiles/CMakeTmp'
Building C object CMakeFiles/cmTC_7bc62.dir/CheckIncludeFile.c.o
/usr/bin/cc    -o CMakeFiles/cmTC_7bc62.dir/CheckIncludeFile.c.o -c /home/jeff-wang/WorkloadAnalysis/comparedDBs/pebblesdb/release/CMakeFiles/CMakeTmp/CheckIncludeFile.c
/home/jeff-wang/WorkloadAnalysis/comparedDBs/pebblesdb/release/CMakeFiles/CMakeTmp/CheckIncludeFile.c:1:10: fatal error: sys/endian.h: No such file or directory
    1 | #include <sys/endian.h>
      |          ^~~~~~~~~~~~~~
compilation terminated.
gmake[1]: *** [CMakeFiles/cmTC_7bc62.dir/build.make:78: CMakeFiles/cmTC_7bc62.dir/CheckIncludeFile.c.o] Error 1
gmake[1]: Leaving directory '/home/jeff-wang/WorkloadAnalysis/comparedDBs/pebblesdb/release/CMakeFiles/CMakeTmp'
gmake: *** [Makefile:127: cmTC_7bc62/fast] Error 2



Determining if the include file sys/isa_defs.h exists failed with the following output:
Change Dir: /home/jeff-wang/WorkloadAnalysis/comparedDBs/pebblesdb/release/CMakeFiles/CMakeTmp

Run Build Command(s):/usr/bin/gmake -f Makefile cmTC_efccf/fast && /usr/bin/gmake  -f CMakeFiles/cmTC_efccf.dir/build.make CMakeFiles/cmTC_efccf.dir/build
gmake[1]: Entering directory '/home/jeff-wang/WorkloadAnalysis/comparedDBs/pebblesdb/release/CMakeFiles/CMakeTmp'
Building C object CMakeFiles/cmTC_efccf.dir/CheckIncludeFile.c.o
/usr/bin/cc    -o CMakeFiles/cmTC_efccf.dir/CheckIncludeFile.c.o -c /home/jeff-wang/WorkloadAnalysis/comparedDBs/pebblesdb/release/CMakeFiles/CMakeTmp/CheckIncludeFile.c
/home/jeff-wang/WorkloadAnalysis/comparedDBs/pebblesdb/release/CMakeFiles/CMakeTmp/CheckIncludeFile.c:1:10: fatal error: sys/isa_defs.h: No such file or directory
    1 | #include <sys/isa_defs.h>
      |          ^~~~~~~~~~~~~~~~
compilation terminated.
gmake[1]: *** [CMakeFiles/cmTC_efccf.dir/build.make:78: CMakeFiles/cmTC_efccf.dir/CheckIncludeFile.c.o] Error 1
gmake[1]: Leaving directory '/home/jeff-wang/WorkloadAnalysis/comparedDBs/pebblesdb/release/CMakeFiles/CMakeTmp'
gmake: *** [Makefile:127: cmTC_efccf/fast] Error 2



Determining if the function mach_absolute_time exists failed with the following output:
Change Dir: /home/jeff-wang/WorkloadAnalysis/comparedDBs/pebblesdb/release/CMakeFiles/CMakeTmp

Run Build Command(s):/usr/bin/gmake -f Makefile cmTC_b99ee/fast && /usr/bin/gmake  -f CMakeFiles/cmTC_b99ee.dir/build.make CMakeFiles/cmTC_b99ee.dir/build
gmake[1]: Entering directory '/home/jeff-wang/WorkloadAnalysis/comparedDBs/pebblesdb/release/CMakeFiles/CMakeTmp'
Building C object CMakeFiles/cmTC_b99ee.dir/CheckFunctionExists.c.o
/usr/bin/cc   -DCHECK_FUNCTION_EXISTS=mach_absolute_time -o CMakeFiles/cmTC_b99ee.dir/CheckFunctionExists.c.o -c /usr/share/cmake-3.22/Modules/CheckFunctionExists.c
Linking C executable cmTC_b99ee
/usr/bin/cmake -E cmake_link_script CMakeFiles/cmTC_b99ee.dir/link.txt --verbose=1
/usr/bin/cc  -DCHECK_FUNCTION_EXISTS=mach_absolute_time CMakeFiles/cmTC_b99ee.dir/CheckFunctionExists.c.o -o cmTC_b99ee 
/usr/bin/ld: CMakeFiles/cmTC_b99ee.dir/CheckFunctionExists.c.o: in function `main':
CheckFunctionExists.c:(.text+0x14): undefined reference to `mach_absolute_time'
collect2: error: ld returned 1 exit status
gmake[1]: *** [CMakeFiles/cmTC_b99ee.dir/build.make:99: cmTC_b99ee] Error 1
gmake[1]: Leaving directory '/home/jeff-wang/WorkloadAnalysis/comparedDBs/pebblesdb/release/CMakeFiles/CMakeTmp'
gmake: *** [Makefile:127: cmTC_b99ee/fast] Error 2



Determining if the function crc32c_value exists in the crc32c failed with the following output:
Change Dir: /home/jeff-wang/WorkloadAnalysis/comparedDBs/pebblesdb/release/CMakeFiles/CMakeTmp

Run Build Command(s):/usr/bin/gmake -f Makefile cmTC_e1ff1/fast && /usr/bin/gmake  -f CMakeFiles/cmTC_e1ff1.dir/build.make CMakeFiles/cmTC_e1ff1.dir/build
gmake[1]: Entering directory '/home/jeff-wang/WorkloadAnalysis/comparedDBs/pebblesdb/release/CMakeFiles/CMakeTmp'
Building C object CMakeFiles/cmTC_e1ff1.dir/CheckFunctionExists.c.o
/usr/bin/cc   -DCHECK_FUNCTION_EXISTS=crc32c_value -o CMakeFiles/cmTC_e1ff1.dir/CheckFunctionExists.c.o -c /usr/share/cmake-3.22/Modules/CheckFunctionExists.c
Linking C executable cmTC_e1ff1
/usr/bin/cmake -E cmake_link_script CMakeFiles/cmTC_e1ff1.dir/link.txt --verbose=1
/usr/bin/cc  -DCHECK_FUNCTION_EXISTS=crc32c_value CMakeFiles/cmTC_e1ff1.dir/CheckFunctionExists.c.o -o cmTC_e1ff1  -lcrc32c 
/usr/bin/ld: cannot find -lcrc32c: No such file or directory
collect2: error: ld returned 1 exit status
gmake[1]: *** [CMakeFiles/cmTC_e1ff1.dir/build.make:99: cmTC_e1ff1] Error 1
gmake[1]: Leaving directory '/home/jeff-wang/WorkloadAnalysis/comparedDBs/pebblesdb/release/CMakeFiles/CMakeTmp'
gmake: *** [Makefile:127: cmTC_e1ff1/fast] Error 2



Determining if the function malloc exists in the tcmalloc failed with the following output:
Change Dir: /home/jeff-wang/WorkloadAnalysis/comparedDBs/pebblesdb/release/CMakeFiles/CMakeTmp

Run Build Command(s):/usr/bin/gmake -f Makefile cmTC_444c9/fast && /usr/bin/gmake  -f CMakeFiles/cmTC_444c9.dir/build.make CMakeFiles/cmTC_444c9.dir/build
gmake[1]: Entering directory '/home/jeff-wang/WorkloadAnalysis/comparedDBs/pebblesdb/release/CMakeFiles/CMakeTmp'
Building C object CMakeFiles/cmTC_444c9.dir/CheckFunctionExists.c.o
/usr/bin/cc   -DCHECK_FUNCTION_EXISTS=malloc -o CMakeFiles/cmTC_444c9.dir/CheckFunctionExists.c.o -c /usr/share/cmake-3.22/Modules/CheckFunctionExists.c
<command-line>: warning: conflicting types for built-in function ‘malloc’; expected ‘void *(long unsigned int)’ [-Wbuiltin-declaration-mismatch]
/usr/share/cmake-3.22/Modules/CheckFunctionExists.c:7:3: note: in expansion of macro ‘CHECK_FUNCTION_EXISTS’
    7 |   CHECK_FUNCTION_EXISTS(void);
      |   ^~~~~~~~~~~~~~~~~~~~~
/usr/share/cmake-3.22/Modules/CheckFunctionExists.c:1:1: note: ‘malloc’ is declared in header ‘<stdlib.h>’
  +++ |+#include <stdlib.h>
    1 | #ifdef CHECK_FUNCTION_EXISTS
Linking C executable cmTC_444c9
/usr/bin/cmake -E cmake_link_script CMakeFiles/cmTC_444c9.dir/link.txt --verbose=1
/usr/bin/cc  -DCHECK_FUNCTION_EXISTS=malloc CMakeFiles/cmTC_444c9.dir/CheckFunctionExists.c.o -o cmTC_444c9  -ltcmalloc 
/usr/bin/ld: cannot find -ltcmalloc: No such file or directory
collect2: error: ld returned 1 exit status
gmake[1]: *** [CMakeFiles/cmTC_444c9.dir/build.make:99: cmTC_444c9] Error 1
gmake[1]: Leaving directory '/home/jeff-wang/WorkloadAnalysis/comparedDBs/pebblesdb/release/CMakeFiles/CMakeTmp'
gmake: *** [Makefile:127: cmTC_444c9/fast] Error 2



Determining if the include file snappy.h exists failed with the following output:
Change Dir: /home/jeff-wang/WorkloadAnalysis/comparedDBs/pebblesdb/release/CMakeFiles/CMakeTmp

Run Build Command(s):/usr/bin/gmake -f Makefile cmTC_0ab83/fast && /usr/bin/gmake  -f CMakeFiles/cmTC_0ab83.dir/build.make CMakeFiles/cmTC_0ab83.dir/build
gmake[1]: Entering directory '/home/jeff-wang/WorkloadAnalysis/comparedDBs/pebblesdb/release/CMakeFiles/CMakeTmp'
Building CXX object CMakeFiles/cmTC_0ab83.dir/CheckIncludeFile.cxx.o
/usr/bin/c++   -std=c++11 -Wall -Wno-variadic-macros -fno-builtin-memcmp -fno-builtin-memmove  -std=c++11 -o CMakeFiles/cmTC_0ab83.dir/CheckIncludeFile.cxx.o -c /home/jeff-wang/WorkloadAnalysis/comparedDBs/pebblesdb/release/CMakeFiles/CMakeTmp/CheckIncludeFile.cxx
/home/jeff-wang/WorkloadAnalysis/comparedDBs/pebblesdb/release/CMakeFiles/CMakeTmp/CheckIncludeFile.cxx:1:10: fatal error: snappy.h: No such file or directory
    1 | #include <snappy.h>
      |          ^~~~~~~~~~
compilation terminated.
gmake[1]: *** [CMakeFiles/cmTC_0ab83.dir/build.make:78: CMakeFiles/cmTC_0ab83.dir/CheckIncludeFile.cxx.o] Error 1
gmake[1]: Leaving directory '/home/jeff-wang/WorkloadAnalysis/comparedDBs/pebblesdb/release/CMakeFiles/CMakeTmp'
gmake: *** [Makefile:127: cmTC_0ab83/fast] Error 2



