Determining if the function crc32c_value exists in the crc32c failed with the following output:
Change Dir: /home/jeff-wang/WorkloadAnalysis/hotdb/release/CMakeFiles/CMakeTmp

Run Build Command(s):/usr/bin/gmake -f Makefile cmTC_5f706/fast && /usr/bin/gmake  -f CMakeFiles/cmTC_5f706.dir/build.make CMakeFiles/cmTC_5f706.dir/build
gmake[1]: Entering directory '/home/jeff-wang/WorkloadAnalysis/hotdb/release/CMakeFiles/CMakeTmp'
Building C object CMakeFiles/cmTC_5f706.dir/CheckFunctionExists.c.o
/usr/bin/cc   -DCHECK_FUNCTION_EXISTS=crc32c_value -std=c11 -o CMakeFiles/cmTC_5f706.dir/CheckFunctionExists.c.o -c /usr/share/cmake-3.22/Modules/CheckFunctionExists.c
Linking C executable cmTC_5f706
/usr/bin/cmake -E cmake_link_script CMakeFiles/cmTC_5f706.dir/link.txt --verbose=1
/usr/bin/cc  -DCHECK_FUNCTION_EXISTS=crc32c_value CMakeFiles/cmTC_5f706.dir/CheckFunctionExists.c.o -o cmTC_5f706  -lcrc32c 
/usr/bin/ld: cannot find -lcrc32c: No such file or directory
collect2: error: ld returned 1 exit status
gmake[1]: *** [CMakeFiles/cmTC_5f706.dir/build.make:99: cmTC_5f706] Error 1
gmake[1]: Leaving directory '/home/jeff-wang/WorkloadAnalysis/hotdb/release/CMakeFiles/CMakeTmp'
gmake: *** [Makefile:127: cmTC_5f706/fast] Error 2



Determining if the function snappy_compress exists in the snappy failed with the following output:
Change Dir: /home/jeff-wang/WorkloadAnalysis/hotdb/release/CMakeFiles/CMakeTmp

Run Build Command(s):/usr/bin/gmake -f Makefile cmTC_7185f/fast && /usr/bin/gmake  -f CMakeFiles/cmTC_7185f.dir/build.make CMakeFiles/cmTC_7185f.dir/build
gmake[1]: Entering directory '/home/jeff-wang/WorkloadAnalysis/hotdb/release/CMakeFiles/CMakeTmp'
Building C object CMakeFiles/cmTC_7185f.dir/CheckFunctionExists.c.o
/usr/bin/cc   -DCHECK_FUNCTION_EXISTS=snappy_compress -std=c11 -o CMakeFiles/cmTC_7185f.dir/CheckFunctionExists.c.o -c /usr/share/cmake-3.22/Modules/CheckFunctionExists.c
Linking C executable cmTC_7185f
/usr/bin/cmake -E cmake_link_script CMakeFiles/cmTC_7185f.dir/link.txt --verbose=1
/usr/bin/cc  -DCHECK_FUNCTION_EXISTS=snappy_compress CMakeFiles/cmTC_7185f.dir/CheckFunctionExists.c.o -o cmTC_7185f  -lsnappy 
/usr/bin/ld: cannot find -lsnappy: No such file or directory
collect2: error: ld returned 1 exit status
gmake[1]: *** [CMakeFiles/cmTC_7185f.dir/build.make:99: cmTC_7185f] Error 1
gmake[1]: Leaving directory '/home/jeff-wang/WorkloadAnalysis/hotdb/release/CMakeFiles/CMakeTmp'
gmake: *** [Makefile:127: cmTC_7185f/fast] Error 2



Determining if the function zstd_compress exists in the zstd failed with the following output:
Change Dir: /home/jeff-wang/WorkloadAnalysis/hotdb/release/CMakeFiles/CMakeTmp

Run Build Command(s):/usr/bin/gmake -f Makefile cmTC_5656a/fast && /usr/bin/gmake  -f CMakeFiles/cmTC_5656a.dir/build.make CMakeFiles/cmTC_5656a.dir/build
gmake[1]: Entering directory '/home/jeff-wang/WorkloadAnalysis/hotdb/release/CMakeFiles/CMakeTmp'
Building C object CMakeFiles/cmTC_5656a.dir/CheckFunctionExists.c.o
/usr/bin/cc   -DCHECK_FUNCTION_EXISTS=zstd_compress -std=c11 -o CMakeFiles/cmTC_5656a.dir/CheckFunctionExists.c.o -c /usr/share/cmake-3.22/Modules/CheckFunctionExists.c
Linking C executable cmTC_5656a
/usr/bin/cmake -E cmake_link_script CMakeFiles/cmTC_5656a.dir/link.txt --verbose=1
/usr/bin/cc  -DCHECK_FUNCTION_EXISTS=zstd_compress CMakeFiles/cmTC_5656a.dir/CheckFunctionExists.c.o -o cmTC_5656a  -lzstd 
/usr/bin/ld: cannot find -lzstd: No such file or directory
collect2: error: ld returned 1 exit status
gmake[1]: *** [CMakeFiles/cmTC_5656a.dir/build.make:99: cmTC_5656a] Error 1
gmake[1]: Leaving directory '/home/jeff-wang/WorkloadAnalysis/hotdb/release/CMakeFiles/CMakeTmp'
gmake: *** [Makefile:127: cmTC_5656a/fast] Error 2



Determining if the function malloc exists in the tcmalloc failed with the following output:
Change Dir: /home/jeff-wang/WorkloadAnalysis/hotdb/release/CMakeFiles/CMakeTmp

Run Build Command(s):/usr/bin/gmake -f Makefile cmTC_f9c26/fast && /usr/bin/gmake  -f CMakeFiles/cmTC_f9c26.dir/build.make CMakeFiles/cmTC_f9c26.dir/build
gmake[1]: Entering directory '/home/jeff-wang/WorkloadAnalysis/hotdb/release/CMakeFiles/CMakeTmp'
Building C object CMakeFiles/cmTC_f9c26.dir/CheckFunctionExists.c.o
/usr/bin/cc   -DCHECK_FUNCTION_EXISTS=malloc -std=c11 -o CMakeFiles/cmTC_f9c26.dir/CheckFunctionExists.c.o -c /usr/share/cmake-3.22/Modules/CheckFunctionExists.c
<command-line>: warning: conflicting types for built-in function ‘malloc’; expected ‘void *(long unsigned int)’ [-Wbuiltin-declaration-mismatch]
/usr/share/cmake-3.22/Modules/CheckFunctionExists.c:7:3: note: in expansion of macro ‘CHECK_FUNCTION_EXISTS’
    7 |   CHECK_FUNCTION_EXISTS(void);
      |   ^~~~~~~~~~~~~~~~~~~~~
/usr/share/cmake-3.22/Modules/CheckFunctionExists.c:1:1: note: ‘malloc’ is declared in header ‘<stdlib.h>’
  +++ |+#include <stdlib.h>
    1 | #ifdef CHECK_FUNCTION_EXISTS
Linking C executable cmTC_f9c26
/usr/bin/cmake -E cmake_link_script CMakeFiles/cmTC_f9c26.dir/link.txt --verbose=1
/usr/bin/cc  -DCHECK_FUNCTION_EXISTS=malloc CMakeFiles/cmTC_f9c26.dir/CheckFunctionExists.c.o -o cmTC_f9c26  -ltcmalloc 
/usr/bin/ld: cannot find -ltcmalloc: No such file or directory
collect2: error: ld returned 1 exit status
gmake[1]: *** [CMakeFiles/cmTC_f9c26.dir/build.make:99: cmTC_f9c26] Error 1
gmake[1]: Leaving directory '/home/jeff-wang/WorkloadAnalysis/hotdb/release/CMakeFiles/CMakeTmp'
gmake: *** [Makefile:127: cmTC_f9c26/fast] Error 2



Determining if the F_FULLFSYNC exist failed with the following output:
Change Dir: /home/jeff-wang/WorkloadAnalysis/hotdb/release/CMakeFiles/CMakeTmp

Run Build Command(s):/usr/bin/gmake -f Makefile cmTC_f7625/fast && /usr/bin/gmake  -f CMakeFiles/cmTC_f7625.dir/build.make CMakeFiles/cmTC_f7625.dir/build
gmake[1]: Entering directory '/home/jeff-wang/WorkloadAnalysis/hotdb/release/CMakeFiles/CMakeTmp'
Building CXX object CMakeFiles/cmTC_f7625.dir/CheckSymbolExists.cxx.o
/usr/bin/c++   -std=c++11 -o CMakeFiles/cmTC_f7625.dir/CheckSymbolExists.cxx.o -c /home/jeff-wang/WorkloadAnalysis/hotdb/release/CMakeFiles/CMakeTmp/CheckSymbolExists.cxx
/home/jeff-wang/WorkloadAnalysis/hotdb/release/CMakeFiles/CMakeTmp/CheckSymbolExists.cxx: In function ‘int main(int, char**)’:
/home/jeff-wang/WorkloadAnalysis/hotdb/release/CMakeFiles/CMakeTmp/CheckSymbolExists.cxx:8:19: error: ‘F_FULLFSYNC’ was not declared in this scope
    8 |   return ((int*)(&F_FULLFSYNC))[argc];
      |                   ^~~~~~~~~~~
gmake[1]: *** [CMakeFiles/cmTC_f7625.dir/build.make:78: CMakeFiles/cmTC_f7625.dir/CheckSymbolExists.cxx.o] Error 1
gmake[1]: Leaving directory '/home/jeff-wang/WorkloadAnalysis/hotdb/release/CMakeFiles/CMakeTmp'
gmake: *** [Makefile:127: cmTC_f7625/fast] Error 2


File /home/jeff-wang/WorkloadAnalysis/hotdb/release/CMakeFiles/CMakeTmp/CheckSymbolExists.cxx:
/* */
#include <fcntl.h>

int main(int argc, char** argv)
{
  (void)argv;
#ifndef F_FULLFSYNC
  return ((int*)(&F_FULLFSYNC))[argc];
#else
  (void)argc;
  return 0;
#endif
}
Performing C++ SOURCE FILE Test HAVE_CLANG_THREAD_SAFETY failed with the following output:
Change Dir: /home/jeff-wang/WorkloadAnalysis/hotdb/release/CMakeFiles/CMakeTmp

Run Build Command(s):/usr/bin/gmake -f Makefile cmTC_121af/fast && /usr/bin/gmake  -f CMakeFiles/cmTC_121af.dir/build.make CMakeFiles/cmTC_121af.dir/build
gmake[1]: Entering directory '/home/jeff-wang/WorkloadAnalysis/hotdb/release/CMakeFiles/CMakeTmp'
Building CXX object CMakeFiles/cmTC_121af.dir/src.cxx.o
/usr/bin/c++ -DHAVE_CLANG_THREAD_SAFETY  -fno-exceptions -fno-rtti    -Wthread-safety -std=c++11 -o CMakeFiles/cmTC_121af.dir/src.cxx.o -c /home/jeff-wang/WorkloadAnalysis/hotdb/release/CMakeFiles/CMakeTmp/src.cxx
c++: error: unrecognized command-line option '-Wthread-safety'
gmake[1]: *** [CMakeFiles/cmTC_121af.dir/build.make:78: CMakeFiles/cmTC_121af.dir/src.cxx.o] Error 1
gmake[1]: Leaving directory '/home/jeff-wang/WorkloadAnalysis/hotdb/release/CMakeFiles/CMakeTmp'
gmake: *** [Makefile:127: cmTC_121af/fast] Error 2


Source file was:
int main() { return 0; }
Performing C++ SOURCE FILE Test HAVE_CXX_FLAG_WSHORTEN_64_TO_32 failed with the following output:
Change Dir: /home/jeff-wang/WorkloadAnalysis/hotdb/release/CMakeFiles/CMakeTmp

Run Build Command(s):/usr/bin/gmake -f Makefile cmTC_db95d/fast && /usr/bin/gmake  -f CMakeFiles/cmTC_db95d.dir/build.make CMakeFiles/cmTC_db95d.dir/build
gmake[1]: Entering directory '/home/jeff-wang/WorkloadAnalysis/hotdb/release/CMakeFiles/CMakeTmp'
Building CXX object CMakeFiles/cmTC_db95d.dir/src.cxx.o
/usr/bin/c++ -DHAVE_CXX_FLAG_WSHORTEN_64_TO_32  -fno-exceptions -fno-rtti  -Wall  -Wextra  -Wshadow  -Wfloat-equal  -Werror  -Wsuggest-override  -pedantic  -pedantic-errors  -Wshorten-64-to-32   -Wshorten-64-to-32 -std=c++11 -o CMakeFiles/cmTC_db95d.dir/src.cxx.o -c /home/jeff-wang/WorkloadAnalysis/hotdb/release/CMakeFiles/CMakeTmp/src.cxx
c++: error: unrecognized command-line option '-Wshorten-64-to-32'
c++: error: unrecognized command-line option '-Wshorten-64-to-32'
gmake[1]: *** [CMakeFiles/cmTC_db95d.dir/build.make:78: CMakeFiles/cmTC_db95d.dir/src.cxx.o] Error 1
gmake[1]: Leaving directory '/home/jeff-wang/WorkloadAnalysis/hotdb/release/CMakeFiles/CMakeTmp'
gmake: *** [Makefile:127: cmTC_db95d/fast] Error 2


Source file was:
int main() { return 0; }
Performing C++ SOURCE FILE Test HAVE_CXX_FLAG_WD654 failed with the following output:
Change Dir: /home/jeff-wang/WorkloadAnalysis/hotdb/release/CMakeFiles/CMakeTmp

Run Build Command(s):/usr/bin/gmake -f Makefile cmTC_9503b/fast && /usr/bin/gmake  -f CMakeFiles/cmTC_9503b.dir/build.make CMakeFiles/cmTC_9503b.dir/build
gmake[1]: Entering directory '/home/jeff-wang/WorkloadAnalysis/hotdb/release/CMakeFiles/CMakeTmp'
Building CXX object CMakeFiles/cmTC_9503b.dir/src.cxx.o
/usr/bin/c++ -DHAVE_CXX_FLAG_WD654  -fno-exceptions -fno-rtti  -Wall  -Wextra  -Wshadow  -Wfloat-equal  -Werror  -Wsuggest-override  -pedantic  -pedantic-errors  -fstrict-aliasing  -Wno-deprecated-declarations  -Wno-deprecated  -fno-exceptions  -Wstrict-aliasing  -wd654   -wd654 -std=c++11 -o CMakeFiles/cmTC_9503b.dir/src.cxx.o -c /home/jeff-wang/WorkloadAnalysis/hotdb/release/CMakeFiles/CMakeTmp/src.cxx
c++: error: unrecognized command-line option '-wd654'
c++: error: unrecognized command-line option '-wd654'
gmake[1]: *** [CMakeFiles/cmTC_9503b.dir/build.make:78: CMakeFiles/cmTC_9503b.dir/src.cxx.o] Error 1
gmake[1]: Leaving directory '/home/jeff-wang/WorkloadAnalysis/hotdb/release/CMakeFiles/CMakeTmp'
gmake: *** [Makefile:127: cmTC_9503b/fast] Error 2


Source file was:
int main() { return 0; }
Performing C++ SOURCE FILE Test HAVE_CXX_FLAG_WTHREAD_SAFETY failed with the following output:
Change Dir: /home/jeff-wang/WorkloadAnalysis/hotdb/release/CMakeFiles/CMakeTmp

Run Build Command(s):/usr/bin/gmake -f Makefile cmTC_7535b/fast && /usr/bin/gmake  -f CMakeFiles/cmTC_7535b.dir/build.make CMakeFiles/cmTC_7535b.dir/build
gmake[1]: Entering directory '/home/jeff-wang/WorkloadAnalysis/hotdb/release/CMakeFiles/CMakeTmp'
Building CXX object CMakeFiles/cmTC_7535b.dir/src.cxx.o
/usr/bin/c++ -DHAVE_CXX_FLAG_WTHREAD_SAFETY  -fno-exceptions -fno-rtti  -Wall  -Wextra  -Wshadow  -Wfloat-equal  -Werror  -Wsuggest-override  -pedantic  -pedantic-errors  -fstrict-aliasing  -Wno-deprecated-declarations  -Wno-deprecated  -fno-exceptions  -Wstrict-aliasing  -Wthread-safety   -Wthread-safety -std=c++11 -o CMakeFiles/cmTC_7535b.dir/src.cxx.o -c /home/jeff-wang/WorkloadAnalysis/hotdb/release/CMakeFiles/CMakeTmp/src.cxx
c++: error: unrecognized command-line option '-Wthread-safety'
c++: error: unrecognized command-line option '-Wthread-safety'
gmake[1]: *** [CMakeFiles/cmTC_7535b.dir/build.make:78: CMakeFiles/cmTC_7535b.dir/src.cxx.o] Error 1
gmake[1]: Leaving directory '/home/jeff-wang/WorkloadAnalysis/hotdb/release/CMakeFiles/CMakeTmp'
gmake: *** [Makefile:127: cmTC_7535b/fast] Error 2


Source file was:
int main() { return 0; }
Performing C++ SOURCE FILE Test HAVE_KYOTOCABINET failed with the following output:
Change Dir: /home/jeff-wang/WorkloadAnalysis/hotdb/release/CMakeFiles/CMakeTmp

Run Build Command(s):/usr/bin/gmake -f Makefile cmTC_3517c/fast && /usr/bin/gmake  -f CMakeFiles/cmTC_3517c.dir/build.make CMakeFiles/cmTC_3517c.dir/build
gmake[1]: Entering directory '/home/jeff-wang/WorkloadAnalysis/hotdb/release/CMakeFiles/CMakeTmp'
Building CXX object CMakeFiles/cmTC_3517c.dir/src.cxx.o
/usr/bin/c++ -DHAVE_KYOTOCABINET  -fno-exceptions -fno-rtti  -std=c++11 -o CMakeFiles/cmTC_3517c.dir/src.cxx.o -c /home/jeff-wang/WorkloadAnalysis/hotdb/release/CMakeFiles/CMakeTmp/src.cxx
/home/jeff-wang/WorkloadAnalysis/hotdb/release/CMakeFiles/CMakeTmp/src.cxx:2:10: fatal error: kcpolydb.h: No such file or directory
    2 | #include <kcpolydb.h>
      |          ^~~~~~~~~~~~
compilation terminated.
gmake[1]: *** [CMakeFiles/cmTC_3517c.dir/build.make:78: CMakeFiles/cmTC_3517c.dir/src.cxx.o] Error 1
gmake[1]: Leaving directory '/home/jeff-wang/WorkloadAnalysis/hotdb/release/CMakeFiles/CMakeTmp'
gmake: *** [Makefile:127: cmTC_3517c/fast] Error 2


Source file was:

#include <kcpolydb.h>

int main() {
  kyotocabinet::TreeDB* db = new kyotocabinet::TreeDB();
  delete db;
  return 0;
}
  
